# JRE version: 7.0_11-b21
# Java VM: Java HotSpot(TM) Client VM (23.6-b04 mixed mode windows-x86 )
Heap
 def new generation   total 24256K, used 12864K [0x160b0000, 0x17b00000, 0x180b0000)
  eden space 21568K,  55% used [0x160b0000, 0x16c68450, 0x175c0000)
  from space 2688K,  32% used [0x17860000, 0x17937e58, 0x17b00000)
  to   space 2688K,   0% used [0x175c0000, 0x175c0000, 0x17860000)
 tenured generation   total 80616K, used 48368K [0x180b0000, 0x1cf6a000, 0x1e0b0000)
   the space 80616K,  59% used [0x180b0000, 0x1afec3e0, 0x1afec400, 0x1cf6a000)
 compacting perm gen  total 40960K, used 40727K [0x1e0b0000, 0x208b0000, 0x240b0000)
   the space 40960K,  99% used [0x1e0b0000, 0x20875c48, 0x20875e00, 0x208b0000)
GC Heap History (10 events):
Event: 717.526 GC heap before
{Heap before GC invocations=234 (full 1):
 def new generation   total 21376K, used 21376K [0x160b0000, 0x177e0000, 0x180b0000)
  eden space 19008K, 100% used [0x160b0000, 0x17340000, 0x17340000)
  from space 2368K, 100% used [0x17590000, 0x177e0000, 0x177e0000)
  to   space 2368K,   0% used [0x17340000, 0x17340000, 0x17590000)
 tenured generation   total 71164K, used 48248K [0x180b0000, 0x1c62f000, 0x1e0b0000)
   the space 71164K,  67% used [0x180b0000, 0x1afce2c0, 0x1afce400, 0x1c62f000)
 compacting perm gen  total 38912K, used 38698K [0x1e0b0000, 0x206b0000, 0x240b0000)
   the space 38912K,  99% used [0x1e0b0000, 0x2067a998, 0x2067aa00, 0x206b0000)
No shared spaces configured.
Event: 717.534 GC heap after
Heap after GC invocations=235 (full 1):
 def new generation   total 21376K, used 1469K [0x160b0000, 0x177e0000, 0x180b0000)
  eden space 19008K,   0% used [0x160b0000, 0x160b0000, 0x17340000)
  from space 2368K,  62% used [0x17340000, 0x174af458, 0x17590000)
  to   space 2368K,   0% used [0x17590000, 0x17590000, 0x177e0000)
 tenured generation   total 71164K, used 50614K [0x180b0000, 0x1c62f000, 0x1e0b0000)
   the space 71164K,  71% used [0x180b0000, 0x1b21daa8, 0x1b21dc00, 0x1c62f000)
 compacting perm gen  total 38912K, used 38698K [0x1e0b0000, 0x206b0000, 0x240b0000)
   the space 38912K,  99% used [0x1e0b0000, 0x2067a998, 0x2067aa00, 0x206b0000)
No shared spaces configured.
}
Event: 717.684 GC heap before
{Heap before GC invocations=235 (full 1):
 def new generation   total 21376K, used 20477K [0x160b0000, 0x177e0000, 0x180b0000)
  eden space 19008K, 100% used [0x160b0000, 0x17340000, 0x17340000)
  from space 2368K,  62% used [0x17340000, 0x174af458, 0x17590000)
  to   space 2368K,   0% used [0x17590000, 0x17590000, 0x177e0000)
 tenured generation   total 71164K, used 50614K [0x180b0000, 0x1c62f000, 0x1e0b0000)
   the space 71164K,  71% used [0x180b0000, 0x1b21daa8, 0x1b21dc00, 0x1c62f000)
 compacting perm gen  total 39424K, used 39212K [0x1e0b0000, 0x20730000, 0x240b0000)
   the space 39424K,  99% used [0x1e0b0000, 0x206fb210, 0x206fb400, 0x20730000)
No shared spaces configured.
Event: 717.688 GC heap after
Heap after GC invocations=236 (full 1):
 def new generation   total 21376K, used 613K [0x160b0000, 0x177e0000, 0x180b0000)
  eden space 19008K,   0% used [0x160b0000, 0x160b0000, 0x17340000)
  from space 2368K,  25% used [0x17590000, 0x17629728, 0x177e0000)
  to   space 2368K,   0% used [0x17340000, 0x17340000, 0x17590000)
 tenured generation   total 71164K, used 51229K [0x180b0000, 0x1c62f000, 0x1e0b0000)
   the space 71164K,  71% used [0x180b0000, 0x1b2b77c0, 0x1b2b7800, 0x1c62f000)
 compacting perm gen  total 39424K, used 39212K [0x1e0b0000, 0x20730000, 0x240b0000)
   the space 39424K,  99% used [0x1e0b0000, 0x206fb210, 0x206fb400, 0x20730000)
No shared spaces configured.
}
Event: 718.049 GC heap before
{Heap before GC invocations=236 (full 1):
 def new generation   total 21376K, used 19621K [0x160b0000, 0x177e0000, 0x180b0000)
  eden space 19008K, 100% used [0x160b0000, 0x17340000, 0x17340000)
  from space 2368K,  25% used [0x17590000, 0x17629728, 0x177e0000)
  to   space 2368K,   0% used [0x17340000, 0x17340000, 0x17590000)
 tenured generation   total 71164K, used 51229K [0x180b0000, 0x1c62f000, 0x1e0b0000)
   the space 71164K,  71% used [0x180b0000, 0x1b2b77c0, 0x1b2b7800, 0x1c62f000)
 compacting perm gen  total 39936K, used 39724K [0x1e0b0000, 0x207b0000, 0x240b0000)
   the space 39936K,  99% used [0x1e0b0000, 0x2077b200, 0x2077b200, 0x207b0000)
No shared spaces configured.
Event: 718.053 GC heap after
Heap after GC invocations=237 (full 1):
 def new generation   total 21376K, used 1212K [0x160b0000, 0x177e0000, 0x180b0000)
  eden space 19008K,   0% used [0x160b0000, 0x160b0000, 0x17340000)
  from space 2368K,  51% used [0x17340000, 0x1746f118, 0x17590000)
  to   space 2368K,   0% used [0x17590000, 0x17590000, 0x177e0000)
 tenured generation   total 71164K, used 51229K [0x180b0000, 0x1c62f000, 0x1e0b0000)
   the space 71164K,  71% used [0x180b0000, 0x1b2b77c0, 0x1b2b7800, 0x1c62f000)
 compacting perm gen  total 39936K, used 39724K [0x1e0b0000, 0x207b0000, 0x240b0000)
   the space 39936K,  99% used [0x1e0b0000, 0x2077b200, 0x2077b200, 0x207b0000)
No shared spaces configured.
}
Event: 718.274 GC heap before
{Heap before GC invocations=237 (full 1):
 def new generation   total 21376K, used 12976K [0x160b0000, 0x177e0000, 0x180b0000)
  eden space 19008K,  61% used [0x160b0000, 0x16c2d0c0, 0x17340000)
  from space 2368K,  51% used [0x17340000, 0x1746f118, 0x17590000)
  to   space 2368K,   0% used [0x17590000, 0x17590000, 0x177e0000)
 tenured generation   total 71164K, used 51229K [0x180b0000, 0x1c62f000, 0x1e0b0000)
   the space 71164K,  71% used [0x180b0000, 0x1b2b77c0, 0x1b2b7800, 0x1c62f000)
 compacting perm gen  total 39936K, used 39935K [0x1e0b0000, 0x207b0000, 0x240b0000)
   the space 39936K,  99% used [0x1e0b0000, 0x207affb8, 0x207b0000, 0x207b0000)
No shared spaces configured.
Event: 718.389 GC heap after
Heap after GC invocations=238 (full 2):
 def new generation   total 24256K, used 0K [0x160b0000, 0x17b00000, 0x180b0000)
  eden space 21568K,   0% used [0x160b0000, 0x160b0000, 0x175c0000)
  from space 2688K,   0% used [0x175c0000, 0x175c0000, 0x17860000)
  to   space 2688K,   0% used [0x17860000, 0x17860000, 0x17b00000)
 tenured generation   total 80616K, used 48368K [0x180b0000, 0x1cf6a000, 0x1e0b0000)
   the space 80616K,  59% used [0x180b0000, 0x1afec3e0, 0x1afec400, 0x1cf6a000)
 compacting perm gen  total 39936K, used 39935K [0x1e0b0000, 0x207b0000, 0x240b0000)
   the space 39936K,  99% used [0x1e0b0000, 0x207affb8, 0x207b0000, 0x207b0000)
No shared spaces configured.
}
Event: 719.057 GC heap before
{Heap before GC invocations=238 (full 2):
 def new generation   total 24256K, used 21568K [0x160b0000, 0x17b00000, 0x180b0000)
  eden space 21568K, 100% used [0x160b0000, 0x175c0000, 0x175c0000)
  from space 2688K,   0% used [0x175c0000, 0x175c0000, 0x17860000)
  to   space 2688K,   0% used [0x17860000, 0x17860000, 0x17b00000)
 tenured generation   total 80616K, used 48368K [0x180b0000, 0x1cf6a000, 0x1e0b0000)
   the space 80616K,  59% used [0x180b0000, 0x1afec3e0, 0x1afec400, 0x1cf6a000)
 compacting perm gen  total 40704K, used 40478K [0x1e0b0000, 0x20870000, 0x240b0000)
   the space 40704K,  99% used [0x1e0b0000, 0x20837980, 0x20837a00, 0x20870000)
No shared spaces configured.
Event: 719.061 GC heap after
Heap after GC invocations=239 (full 2):
 def new generation   total 24256K, used 863K [0x160b0000, 0x17b00000, 0x180b0000)
  eden space 21568K,   0% used [0x160b0000, 0x160b0000, 0x175c0000)
  from space 2688K,  32% used [0x17860000, 0x17937e58, 0x17b00000)
  to   space 2688K,   0% used [0x175c0000, 0x175c0000, 0x17860000)
 tenured generation   total 80616K, used 48368K [0x180b0000, 0x1cf6a000, 0x1e0b0000)
   the space 80616K,  59% used [0x180b0000, 0x1afec3e0, 0x1afec400, 0x1cf6a000)
 compacting perm gen  total 40704K, used 40478K [0x1e0b0000, 0x20870000, 0x240b0000)
   the space 40704K,  99% used [0x1e0b0000, 0x20837980, 0x20837a00, 0x20870000)
No shared spaces configured.
}

