# JRE version: 7.0_11-b21
# Java VM: Java HotSpot(TM) Client VM (23.6-b04 mixed mode windows-x86 )
Heap
 def new generation   total 23744K, used 4963K [0x160b0000, 0x17a70000, 0x180b0000)
  eden space 21120K,  17% used [0x160b0000, 0x164507d8, 0x17550000)
  from space 2624K,  47% used [0x17550000, 0x17688820, 0x177e0000)
  to   space 2624K,   0% used [0x177e0000, 0x177e0000, 0x17a70000)
 tenured generation   total 78868K, used 74088K [0x180b0000, 0x1cdb5000, 0x1e0b0000)
   the space 78868K,  93% used [0x180b0000, 0x1c90a290, 0x1c90a400, 0x1cdb5000)
 compacting perm gen  total 34048K, used 33893K [0x1e0b0000, 0x201f0000, 0x240b0000)
   the space 34048K,  99% used [0x1e0b0000, 0x201c97f0, 0x201c9800, 0x201f0000)
GC Heap History (10 events):
Event: 5054.791 GC heap before
{Heap before GC invocations=156 (full 1):
 def new generation   total 23744K, used 21880K [0x160b0000, 0x17a70000, 0x180b0000)
  eden space 21120K, 100% used [0x160b0000, 0x17550000, 0x17550000)
  from space 2624K,  28% used [0x177e0000, 0x1789e368, 0x17a70000)
  to   space 2624K,   0% used [0x17550000, 0x17550000, 0x177e0000)
 tenured generation   total 78868K, used 49791K [0x180b0000, 0x1cdb5000, 0x1e0b0000)
   the space 78868K,  63% used [0x180b0000, 0x1b14fc20, 0x1b14fe00, 0x1cdb5000)
 compacting perm gen  total 34048K, used 33886K [0x1e0b0000, 0x201f0000, 0x240b0000)
   the space 34048K,  99% used [0x1e0b0000, 0x201c7a60, 0x201c7c00, 0x201f0000)
No shared spaces configured.
Event: 5054.794 GC heap after
Heap after GC invocations=157 (full 1):
 def new generation   total 23744K, used 750K [0x160b0000, 0x17a70000, 0x180b0000)
  eden space 21120K,   0% used [0x160b0000, 0x160b0000, 0x17550000)
  from space 2624K,  28% used [0x17550000, 0x1760b9a0, 0x177e0000)
  to   space 2624K,   0% used [0x177e0000, 0x177e0000, 0x17a70000)
 tenured generation   total 78868K, used 49799K [0x180b0000, 0x1cdb5000, 0x1e0b0000)
   the space 78868K,  63% used [0x180b0000, 0x1b151df0, 0x1b151e00, 0x1cdb5000)
 compacting perm gen  total 34048K, used 33886K [0x1e0b0000, 0x201f0000, 0x240b0000)
   the space 34048K,  99% used [0x1e0b0000, 0x201c7a60, 0x201c7c00, 0x201f0000)
No shared spaces configured.
}
Event: 5105.733 GC heap before
{Heap before GC invocations=157 (full 1):
 def new generation   total 23744K, used 21870K [0x160b0000, 0x17a70000, 0x180b0000)
  eden space 21120K, 100% used [0x160b0000, 0x17550000, 0x17550000)
  from space 2624K,  28% used [0x17550000, 0x1760b9a0, 0x177e0000)
  to   space 2624K,   0% used [0x177e0000, 0x177e0000, 0x17a70000)
 tenured generation   total 78868K, used 49799K [0x180b0000, 0x1cdb5000, 0x1e0b0000)
   the space 78868K,  63% used [0x180b0000, 0x1b151df0, 0x1b151e00, 0x1cdb5000)
 compacting perm gen  total 34048K, used 33886K [0x1e0b0000, 0x201f0000, 0x240b0000)
   the space 34048K,  99% used [0x1e0b0000, 0x201c7a70, 0x201c7c00, 0x201f0000)
No shared spaces configured.
Event: 5105.738 GC heap after
Heap after GC invocations=158 (full 1):
 def new generation   total 23744K, used 656K [0x160b0000, 0x17a70000, 0x180b0000)
  eden space 21120K,   0% used [0x160b0000, 0x160b0000, 0x17550000)
  from space 2624K,  25% used [0x177e0000, 0x17884388, 0x17a70000)
  to   space 2624K,   0% used [0x17550000, 0x17550000, 0x177e0000)
 tenured generation   total 78868K, used 49799K [0x180b0000, 0x1cdb5000, 0x1e0b0000)
   the space 78868K,  63% used [0x180b0000, 0x1b151df0, 0x1b151e00, 0x1cdb5000)
 compacting perm gen  total 34048K, used 33886K [0x1e0b0000, 0x201f0000, 0x240b0000)
   the space 34048K,  99% used [0x1e0b0000, 0x201c7a70, 0x201c7c00, 0x201f0000)
No shared spaces configured.
}
Event: 5164.578 GC heap before
{Heap before GC invocations=158 (full 1):
 def new generation   total 23744K, used 14627K [0x160b0000, 0x17a70000, 0x180b0000)
  eden space 21120K,  66% used [0x160b0000, 0x16e54a20, 0x17550000)
  from space 2624K,  25% used [0x177e0000, 0x17884388, 0x17a70000)
  to   space 2624K,   0% used [0x17550000, 0x17550000, 0x177e0000)
 tenured generation   total 78868K, used 49799K [0x180b0000, 0x1cdb5000, 0x1e0b0000)
   the space 78868K,  63% used [0x180b0000, 0x1b151df0, 0x1b151e00, 0x1cdb5000)
 compacting perm gen  total 34048K, used 33888K [0x1e0b0000, 0x201f0000, 0x240b0000)
   the space 34048K,  99% used [0x1e0b0000, 0x201c8158, 0x201c8200, 0x201f0000)
No shared spaces configured.
Event: 5164.582 GC heap after
Heap after GC invocations=159 (full 1):
 def new generation   total 23744K, used 712K [0x160b0000, 0x17a70000, 0x180b0000)
  eden space 21120K,   0% used [0x160b0000, 0x160b0000, 0x17550000)
  from space 2624K,  27% used [0x17550000, 0x176022b0, 0x177e0000)
  to   space 2624K,   0% used [0x177e0000, 0x177e0000, 0x17a70000)
 tenured generation   total 78868K, used 49799K [0x180b0000, 0x1cdb5000, 0x1e0b0000)
   the space 78868K,  63% used [0x180b0000, 0x1b151df0, 0x1b151e00, 0x1cdb5000)
 compacting perm gen  total 34048K, used 33888K [0x1e0b0000, 0x201f0000, 0x240b0000)
   the space 34048K,  99% used [0x1e0b0000, 0x201c8158, 0x201c8200, 0x201f0000)
No shared spaces configured.
}
Event: 5164.915 GC heap before
{Heap before GC invocations=159 (full 1):
 def new generation   total 23744K, used 21832K [0x160b0000, 0x17a70000, 0x180b0000)
  eden space 21120K, 100% used [0x160b0000, 0x17550000, 0x17550000)
  from space 2624K,  27% used [0x17550000, 0x176022b0, 0x177e0000)
  to   space 2624K,   0% used [0x177e0000, 0x177e0000, 0x17a70000)
 tenured generation   total 78868K, used 49799K [0x180b0000, 0x1cdb5000, 0x1e0b0000)
   the space 78868K,  63% used [0x180b0000, 0x1b151df0, 0x1b151e00, 0x1cdb5000)
 compacting perm gen  total 34048K, used 33888K [0x1e0b0000, 0x201f0000, 0x240b0000)
   the space 34048K,  99% used [0x1e0b0000, 0x201c81a8, 0x201c8200, 0x201f0000)
No shared spaces configured.
Event: 5164.920 GC heap after
Heap after GC invocations=160 (full 1):
 def new generation   total 23744K, used 687K [0x160b0000, 0x17a70000, 0x180b0000)
  eden space 21120K,   0% used [0x160b0000, 0x160b0000, 0x17550000)
  from space 2624K,  26% used [0x177e0000, 0x1788bef8, 0x17a70000)
  to   space 2624K,   0% used [0x17550000, 0x17550000, 0x177e0000)
 tenured generation   total 78868K, used 58634K [0x180b0000, 0x1cdb5000, 0x1e0b0000)
   the space 78868K,  74% used [0x180b0000, 0x1b9f2a00, 0x1b9f2a00, 0x1cdb5000)
 compacting perm gen  total 34048K, used 33888K [0x1e0b0000, 0x201f0000, 0x240b0000)
   the space 34048K,  99% used [0x1e0b0000, 0x201c81a8, 0x201c8200, 0x201f0000)
No shared spaces configured.
}
Event: 5165.280 GC heap before
{Heap before GC invocations=160 (full 1):
 def new generation   total 23744K, used 21807K [0x160b0000, 0x17a70000, 0x180b0000)
  eden space 21120K, 100% used [0x160b0000, 0x17550000, 0x17550000)
  from space 2624K,  26% used [0x177e0000, 0x1788bef8, 0x17a70000)
  to   space 2624K,   0% used [0x17550000, 0x17550000, 0x177e0000)
 tenured generation   total 78868K, used 58634K [0x180b0000, 0x1cdb5000, 0x1e0b0000)
   the space 78868K,  74% used [0x180b0000, 0x1b9f2a00, 0x1b9f2a00, 0x1cdb5000)
 compacting perm gen  total 34048K, used 33890K [0x1e0b0000, 0x201f0000, 0x240b0000)
   the space 34048K,  99% used [0x1e0b0000, 0x201c88f8, 0x201c8a00, 0x201f0000)
No shared spaces configured.
Event: 5165.288 GC heap after
Heap after GC invocations=161 (full 1):
 def new generation   total 23744K, used 1250K [0x160b0000, 0x17a70000, 0x180b0000)
  eden space 21120K,   0% used [0x160b0000, 0x160b0000, 0x17550000)
  from space 2624K,  47% used [0x17550000, 0x17688820, 0x177e0000)
  to   space 2624K,   0% used [0x177e0000, 0x177e0000, 0x17a70000)
 tenured generation   total 78868K, used 74088K [0x180b0000, 0x1cdb5000, 0x1e0b0000)
   the space 78868K,  93% used [0x180b0000, 0x1c90a290, 0x1c90a400, 0x1cdb5000)
 compacting perm gen  total 34048K, used 33890K [0x1e0b0000, 0x201f0000, 0x240b0000)
   the space 34048K,  99% used [0x1e0b0000, 0x201c88f8, 0x201c8a00, 0x201f0000)
No shared spaces configured.
}

